Determining if the pthread_create exist failed with the following output:
Change Dir: /home/vanessa/Downloads/TCC/rgbd_rtk/build/CMakeFiles/CMakeTmp

Run Build Command:"/usr/bin/make" "cmTC_c253c/fast"
/usr/bin/make -f CMakeFiles/cmTC_c253c.dir/build.make CMakeFiles/cmTC_c253c.dir/build
make[1]: Entering directory '/home/vanessa/Downloads/TCC/rgbd_rtk/build/CMakeFiles/CMakeTmp'
Building C object CMakeFiles/cmTC_c253c.dir/CheckSymbolExists.c.o
/usr/bin/cc   -Wall  -O3 -march=native     -o CMakeFiles/cmTC_c253c.dir/CheckSymbolExists.c.o   -c /home/vanessa/Downloads/TCC/rgbd_rtk/build/CMakeFiles/CMakeTmp/CheckSymbolExists.c
Linking C executable cmTC_c253c
/usr/local/bin/cmake -E cmake_link_script CMakeFiles/cmTC_c253c.dir/link.txt --verbose=1
/usr/bin/cc   -Wall  -O3 -march=native      -rdynamic CMakeFiles/cmTC_c253c.dir/CheckSymbolExists.c.o  -o cmTC_c253c 
CMakeFiles/cmTC_c253c.dir/CheckSymbolExists.c.o: na função `main':
CheckSymbolExists.c:(.text.startup+0x6): referência indefinida para `pthread_create'
collect2: error: ld returned 1 exit status
CMakeFiles/cmTC_c253c.dir/build.make:86: recipe for target 'cmTC_c253c' failed
make[1]: *** [cmTC_c253c] Error 1
make[1]: Leaving directory '/home/vanessa/Downloads/TCC/rgbd_rtk/build/CMakeFiles/CMakeTmp'
Makefile:126: recipe for target 'cmTC_c253c/fast' failed
make: *** [cmTC_c253c/fast] Error 2

File /home/vanessa/Downloads/TCC/rgbd_rtk/build/CMakeFiles/CMakeTmp/CheckSymbolExists.c:
/* */
#include <pthread.h>

int main(int argc, char** argv)
{
  (void)argv;
#ifndef pthread_create
  return ((int*)(&pthread_create))[argc];
#else
  (void)argc;
  return 0;
#endif
}

Determining if the function pthread_create exists in the pthreads failed with the following output:
Change Dir: /home/vanessa/Downloads/TCC/rgbd_rtk/build/CMakeFiles/CMakeTmp

Run Build Command:"/usr/bin/make" "cmTC_15866/fast"
/usr/bin/make -f CMakeFiles/cmTC_15866.dir/build.make CMakeFiles/cmTC_15866.dir/build
make[1]: Entering directory '/home/vanessa/Downloads/TCC/rgbd_rtk/build/CMakeFiles/CMakeTmp'
Building C object CMakeFiles/cmTC_15866.dir/CheckFunctionExists.c.o
/usr/bin/cc   -Wall  -O3 -march=native  -DCHECK_FUNCTION_EXISTS=pthread_create   -o CMakeFiles/cmTC_15866.dir/CheckFunctionExists.c.o   -c /usr/local/share/cmake-3.11/Modules/CheckFunctionExists.c
Linking C executable cmTC_15866
/usr/local/bin/cmake -E cmake_link_script CMakeFiles/cmTC_15866.dir/link.txt --verbose=1
/usr/bin/cc   -Wall  -O3 -march=native  -DCHECK_FUNCTION_EXISTS=pthread_create    -rdynamic CMakeFiles/cmTC_15866.dir/CheckFunctionExists.c.o  -o cmTC_15866 -lpthreads 
/usr/bin/ld: não foi possível encontrar -lpthreads
collect2: error: ld returned 1 exit status
CMakeFiles/cmTC_15866.dir/build.make:86: recipe for target 'cmTC_15866' failed
make[1]: *** [cmTC_15866] Error 1
make[1]: Leaving directory '/home/vanessa/Downloads/TCC/rgbd_rtk/build/CMakeFiles/CMakeTmp'
Makefile:126: recipe for target 'cmTC_15866/fast' failed
make: *** [cmTC_15866/fast] Error 2


