Determining if the pthread_create exist failed with the following output:
Change Dir: /home/vanessa/Downloads/TCC/rgbd_rtk/applications/CMakeFiles/CMakeTmp

Run Build Command:"/usr/bin/make" "cmTC_bc2ed/fast"
/usr/bin/make -f CMakeFiles/cmTC_bc2ed.dir/build.make CMakeFiles/cmTC_bc2ed.dir/build
make[1]: Entering directory '/home/vanessa/Downloads/TCC/rgbd_rtk/applications/CMakeFiles/CMakeTmp'
Building C object CMakeFiles/cmTC_bc2ed.dir/CheckSymbolExists.c.o
/usr/bin/cc   -Wall  -O3 -march=native     -o CMakeFiles/cmTC_bc2ed.dir/CheckSymbolExists.c.o   -c /home/vanessa/Downloads/TCC/rgbd_rtk/applications/CMakeFiles/CMakeTmp/CheckSymbolExists.c
Linking C executable cmTC_bc2ed
/usr/local/bin/cmake -E cmake_link_script CMakeFiles/cmTC_bc2ed.dir/link.txt --verbose=1
/usr/bin/cc   -Wall  -O3 -march=native      -rdynamic CMakeFiles/cmTC_bc2ed.dir/CheckSymbolExists.c.o  -o cmTC_bc2ed 
CMakeFiles/cmTC_bc2ed.dir/CheckSymbolExists.c.o: na função `main':
CheckSymbolExists.c:(.text.startup+0x6): referência indefinida para `pthread_create'
collect2: error: ld returned 1 exit status
CMakeFiles/cmTC_bc2ed.dir/build.make:86: recipe for target 'cmTC_bc2ed' failed
make[1]: *** [cmTC_bc2ed] Error 1
make[1]: Leaving directory '/home/vanessa/Downloads/TCC/rgbd_rtk/applications/CMakeFiles/CMakeTmp'
Makefile:126: recipe for target 'cmTC_bc2ed/fast' failed
make: *** [cmTC_bc2ed/fast] Error 2

File /home/vanessa/Downloads/TCC/rgbd_rtk/applications/CMakeFiles/CMakeTmp/CheckSymbolExists.c:
/* */
#include <pthread.h>

int main(int argc, char** argv)
{
  (void)argv;
#ifndef pthread_create
  return ((int*)(&pthread_create))[argc];
#else
  (void)argc;
  return 0;
#endif
}

Determining if the function pthread_create exists in the pthreads failed with the following output:
Change Dir: /home/vanessa/Downloads/TCC/rgbd_rtk/applications/CMakeFiles/CMakeTmp

Run Build Command:"/usr/bin/make" "cmTC_797f5/fast"
/usr/bin/make -f CMakeFiles/cmTC_797f5.dir/build.make CMakeFiles/cmTC_797f5.dir/build
make[1]: Entering directory '/home/vanessa/Downloads/TCC/rgbd_rtk/applications/CMakeFiles/CMakeTmp'
Building C object CMakeFiles/cmTC_797f5.dir/CheckFunctionExists.c.o
/usr/bin/cc   -Wall  -O3 -march=native  -DCHECK_FUNCTION_EXISTS=pthread_create   -o CMakeFiles/cmTC_797f5.dir/CheckFunctionExists.c.o   -c /usr/local/share/cmake-3.11/Modules/CheckFunctionExists.c
Linking C executable cmTC_797f5
/usr/local/bin/cmake -E cmake_link_script CMakeFiles/cmTC_797f5.dir/link.txt --verbose=1
/usr/bin/cc   -Wall  -O3 -march=native  -DCHECK_FUNCTION_EXISTS=pthread_create    -rdynamic CMakeFiles/cmTC_797f5.dir/CheckFunctionExists.c.o  -o cmTC_797f5 -lpthreads 
/usr/bin/ld: não foi possível encontrar -lpthreads
collect2: error: ld returned 1 exit status
CMakeFiles/cmTC_797f5.dir/build.make:86: recipe for target 'cmTC_797f5' failed
make[1]: *** [cmTC_797f5] Error 1
make[1]: Leaving directory '/home/vanessa/Downloads/TCC/rgbd_rtk/applications/CMakeFiles/CMakeTmp'
Makefile:126: recipe for target 'cmTC_797f5/fast' failed
make: *** [cmTC_797f5/fast] Error 2


